<?xml version="1.0" encoding="UTF-8"?>
<testsuite xmlns:xsi="http://www.w3.org/2001/XMLSchema-instance" xsi:noNamespaceSchemaLocation="https://maven.apache.org/surefire/maven-surefire-plugin/xsd/surefire-test-report.xsd" name="com.example.OrderService.Service.UserCoreServiceTest" time="0.001" tests="4" errors="0" skipped="0" failures="0">
  <properties>
[...]
</properties>
  <testcase name="CannotOrder" classname="com.example.OrderService.Service.UserCoreServiceTest" time="0"/>
  <testcase name="verifyCanOrder" classname="com.example.OrderService.Service.UserCoreServiceTest" time="0"/>
  <testcase name="getProfile" classname="com.example.OrderService.Service.UserCoreServiceTest" time="0"/>
  <testcase name="updateUserRepeatedUsername" classname="com.example.OrderService.Service.UserCoreServiceTest" time="0"/>
</testsuite>