<?xml version="1.0" encoding="UTF-8"?>
<testsuite xmlns:xsi="http://www.w3.org/2001/XMLSchema-instance" xsi:noNamespaceSchemaLocation="https://maven.apache.org/surefire/maven-surefire-plugin/xsd/surefire-test-report.xsd" name="com.springboot.sohinalex.java.Controller.ChatroomControllerTest" time="2.923" tests="2" errors="0" skipped="0" failures="0">
  <properties>
[...]
</properties>
  <testcase name="sendMessage" classname="com.springboot.sohinalex.java.Controller.ChatroomControllerTest" time="0.304"/>
  <testcase name="isEmpty" classname="com.springboot.sohinalex.java.Controller.ChatroomControllerTest" time="0.003"/>
</testsuite>