<?xml version="1.0" encoding="UTF-8"?>
<testsuite xmlns:xsi="http://www.w3.org/2001/XMLSchema-instance" xsi:noNamespaceSchemaLocation="https://maven.apache.org/surefire/maven-surefire-plugin/xsd/surefire-test-report.xsd" name="com.springboot.sohinalex.java.service.TokenServiceTest" time="0.889" tests="5" errors="0" skipped="0" failures="0">
  <properties>
[...]
</properties>
  <testcase name="testSigninUnmatchedPassword" classname="com.springboot.sohinalex.java.service.TokenServiceTest" time="0.106"/>
  <testcase name="testSignupFail" classname="com.springboot.sohinalex.java.service.TokenServiceTest" time="0.011"/>
  <testcase name="testSignupSuccess" classname="com.springboot.sohinalex.java.service.TokenServiceTest" time="0.084"/>
  <testcase name="testSigninSuccess" classname="com.springboot.sohinalex.java.service.TokenServiceTest" time="0.008"/>
  <testcase name="testSigninNoUserFound" classname="com.springboot.sohinalex.java.service.TokenServiceTest" time="0.006"/>
</testsuite>